<?xml version="1.0" encoding="UTF-8"?>
<!-- Generated by org.testng.reporters.JUnitReportReporter -->
<testsuite skipped="0" hostname="Samis-MacBook-Pro.local" name="basics.ValidateResponseBody" tests="1" failures="0" timestamp="23 Jan 2018 05:25:43 GMT" time="2.470" errors="0">
  <testcase name="validateTextInDistanceMatrix" time="2.470" classname="basics.ValidateResponseBody"/>
</testsuite> <!-- basics.ValidateResponseBody -->
