<?xml version="1.0" encoding="UTF-8"?>
<!-- Generated by org.testng.reporters.JUnitReportReporter -->
<testsuite skipped="1" hostname="Samis-MacBook-Pro.local" name="basics.GetRequestDemo" tests="2" failures="0" timestamp="23 Jan 2018 04:34:04 GMT" time="1.743" errors="0">
  <testcase name="getRequestBody" time="1.743" classname="basics.GetRequestDemo"/>
  <testcase name="statusCode_Verification" classname="basics.GetRequestDemo">
    <skipped/>
  </testcase> <!-- statusCode_Verification -->
</testsuite> <!-- basics.GetRequestDemo -->
