<?xml version="1.0" encoding="UTF-8"?>
<!-- Generated by org.testng.reporters.JUnitReportReporter -->
<testsuite skipped="0" hostname="Samis-MacBook-Pro.local" name="basics.PostRequestDemo" tests="1" failures="0" timestamp="23 Jan 2018 06:10:13 GMT" time="3.924" errors="0">
  <testcase name="postRequest" time="3.924" classname="basics.PostRequestDemo"/>
</testsuite> <!-- basics.PostRequestDemo -->
