<?xml version="1.0" encoding="UTF-8"?>
<!-- Generated by org.testng.reporters.JUnitReportReporter -->
<testsuite skipped="0" hostname="Samis-MacBook-Pro.local" name="tests_TheGreatCourses.Testing_Generic_baseClass" tests="1" failures="0" timestamp="03 Jan 2018 03:23:17 GMT" time="4.698" errors="0">
  <testcase name="test" time="4.698" classname="tests_TheGreatCourses.Testing_Generic_baseClass"/>
</testsuite> <!-- tests_TheGreatCourses.Testing_Generic_baseClass -->
