<?xml version="1.0" encoding="UTF-8"?>
<!-- Generated by org.testng.reporters.JUnitReportReporter -->
<testsuite skipped="0" hostname="Samis-MacBook-Pro.local" name="tests_TheGreatCourses.Test1" tests="1" failures="0" timestamp="05 Jan 2018 17:00:20 GMT" time="40.493" errors="0">
  <testcase name="test_ProductPurchase_Item_Zero_to_infinity" time="40.493" classname="tests_TheGreatCourses.Test1"/>
</testsuite> <!-- tests_TheGreatCourses.Test1 -->
