<?xml version="1.0" encoding="UTF-8"?>
<!-- Generated by org.testng.reporters.JUnitReportReporter -->
<testsuite skipped="0" hostname="Samis-MacBook-Pro.local" name="tests_TheGreatCourses.Testing_Generic_baseClass" tests="1" failures="0" timestamp="09 Feb 2018 20:29:35 GMT" time="5.057" errors="0">
  <testcase name="test" time="5.057" classname="tests_TheGreatCourses.Testing_Generic_baseClass"/>
</testsuite> <!-- tests_TheGreatCourses.Testing_Generic_baseClass -->
