<?xml version="1.0" encoding="UTF-8"?>
<!-- Generated by org.testng.reporters.JUnitReportReporter -->
<testsuite skipped="2" hostname="Samis-MacBook-Pro.local" name="com.crm.qa.testcases.ContactsPageTest" tests="5" failures="0" timestamp="29 Jan 2018 15:34:37 GMT" time="74.291" errors="0">
  <testcase name="validateCreateNewContact" time="28.104" classname="com.crm.qa.testcases.ContactsPageTest"/>
  <testcase name="validateCreateNewContact" time="24.181" classname="com.crm.qa.testcases.ContactsPageTest"/>
  <testcase name="validateCreateNewContact" time="22.006" classname="com.crm.qa.testcases.ContactsPageTest"/>
  <testcase name="verifyContactsPageLabel_isDisplayed" classname="com.crm.qa.testcases.ContactsPageTest">
    <skipped/>
  </testcase> <!-- verifyContactsPageLabel_isDisplayed -->
  <testcase name="verifyContactName" classname="com.crm.qa.testcases.ContactsPageTest">
    <skipped/>
  </testcase> <!-- verifyContactName -->
</testsuite> <!-- com.crm.qa.testcases.ContactsPageTest -->
