<?xml version="1.0" encoding="UTF-8"?>
<!-- Generated by org.testng.reporters.JUnitReportReporter -->
<testsuite skipped="2" hostname="Samis-MBP" name="com.crm.qa.testcases.LoginPageTest" tests="3" failures="0" timestamp="06 Jan 2018 05:52:19 GMT" time="13.726" errors="0">
  <testcase name="valid_User_login_Test" time="13.726" classname="com.crm.qa.testcases.LoginPageTest"/>
  <testcase name="loginPageTitleTest" classname="com.crm.qa.testcases.LoginPageTest">
    <skipped/>
  </testcase> <!-- loginPageTitleTest -->
  <testcase name="validate_HomePage_LOGO" classname="com.crm.qa.testcases.LoginPageTest">
    <skipped/>
  </testcase> <!-- validate_HomePage_LOGO -->
</testsuite> <!-- com.crm.qa.testcases.LoginPageTest -->
