<?xml version="1.0" encoding="UTF-8"?>
<!-- Generated by org.testng.reporters.JUnitReportReporter -->
<testsuite skipped="2" hostname="Samis-MacBook-Pro.local" name="com.crm.qa.testcases.LoginPageTest" tests="3" failures="0" timestamp="05 Jan 2018 12:50:19 GMT" time="17.455" errors="0">
  <testcase name="valid_User_login_Test" time="17.455" classname="com.crm.qa.testcases.LoginPageTest"/>
  <testcase name="loginPageTitleTest" classname="com.crm.qa.testcases.LoginPageTest">
    <skipped/>
  </testcase> <!-- loginPageTitleTest -->
  <testcase name="validate_HomePage_LOGO" classname="com.crm.qa.testcases.LoginPageTest">
    <skipped/>
  </testcase> <!-- validate_HomePage_LOGO -->
</testsuite> <!-- com.crm.qa.testcases.LoginPageTest -->
