<?xml version="1.0" encoding="UTF-8"?>
<!-- Generated by org.testng.reporters.JUnitReportReporter -->
<testsuite skipped="7" hostname="Samis-MacBook-Pro.local" name="com.crm.qa.testcases.HomePageTest" tests="8" failures="0" timestamp="28 Dec 2017 07:39:26 GMT" time="18.440" errors="0">
  <testcase name="verifyContactsLink" time="18.440" classname="com.crm.qa.testcases.HomePageTest"/>
  <testcase name="clickCalender" classname="com.crm.qa.testcases.HomePageTest">
    <skipped/>
  </testcase> <!-- clickCalender -->
  <testcase name="clickDeals" classname="com.crm.qa.testcases.HomePageTest">
    <skipped/>
  </testcase> <!-- clickDeals -->
  <testcase name="verifyHomePageTitle" classname="com.crm.qa.testcases.HomePageTest">
    <skipped/>
  </testcase> <!-- verifyHomePageTitle -->
  <testcase name="verifyLoggedInUsernameText" classname="com.crm.qa.testcases.HomePageTest">
    <skipped/>
  </testcase> <!-- verifyLoggedInUsernameText -->
  <testcase name="veridyHomePageTitle" classname="com.crm.qa.testcases.HomePageTest">
    <skipped/>
  </testcase> <!-- veridyHomePageTitle -->
  <testcase name="veridyLoggedInUser" classname="com.crm.qa.testcases.HomePageTest">
    <skipped/>
  </testcase> <!-- veridyLoggedInUser -->
  <testcase name="clickContacts" classname="com.crm.qa.testcases.HomePageTest">
    <skipped/>
  </testcase> <!-- clickContacts -->
</testsuite> <!-- com.crm.qa.testcases.HomePageTest -->
