<?xml version="1.0" encoding="UTF-8"?>
<!-- Generated by org.testng.reporters.JUnitReportReporter -->
<testsuite skipped="0" hostname="Samis-MacBook-Pro.local" name="com.crm.qa.testcases.LoginPageTest" tests="3" failures="0" timestamp="29 Dec 2017 01:59:51 GMT" time="34.557" errors="0">
  <testcase name="loginPageTitleTest" time="4.765" classname="com.crm.qa.testcases.LoginPageTest"/>
  <testcase name="validate_HomePage_LOGO" time="6.561" classname="com.crm.qa.testcases.LoginPageTest"/>
  <testcase name="valid_User_login_Test" time="23.231" classname="com.crm.qa.testcases.LoginPageTest"/>
</testsuite> <!-- com.crm.qa.testcases.LoginPageTest -->
