<?xml version="1.0" encoding="UTF-8"?>
<!-- Generated by org.testng.reporters.JUnitReportReporter -->
<testsuite skipped="0" hostname="Samis-MacBook-Pro.local" name="com.crm.qa.testcases.LoginPageTest" tests="3" failures="0" timestamp="27 Dec 2017 23:48:53 GMT" time="20.392" errors="0">
  <testcase name="loginPageTitleTest" time="2.635" classname="com.crm.qa.testcases.LoginPageTest"/>
  <testcase name="validate_HomePage_LOGO" time="3.640" classname="com.crm.qa.testcases.LoginPageTest"/>
  <testcase name="valid_User_login_Test" time="14.117" classname="com.crm.qa.testcases.LoginPageTest"/>
</testsuite> <!-- com.crm.qa.testcases.LoginPageTest -->
