<?xml version="1.0" encoding="UTF-8"?>
<!-- Generated by org.testng.reporters.JUnitReportReporter -->
<testsuite skipped="1" hostname="Samis-MacBook-Pro.local" name="tests.HomePageTest" tests="2" failures="0" timestamp="04 Jan 2018 23:33:29 GMT" time="34.881" errors="0">
  <testcase name="testCommonAPIMethods" time="34.881" classname="tests.HomePageTest"/>
  <testcase name="searchForLyrics" classname="tests.HomePageTest">
    <skipped/>
  </testcase> <!-- searchForLyrics -->
</testsuite> <!-- tests.HomePageTest -->
