<?xml version="1.0" encoding="UTF-8"?>
<!-- Generated by org.testng.reporters.JUnitReportReporter -->
<testsuite skipped="0" hostname="Samis-MacBook-Pro.local" name="samples.Extract_XML_Response_Part2" tests="1" failures="0" timestamp="17 Feb 2018 02:16:50 GMT" time="3.453" errors="0">
  <testcase name="extractResponse" time="3.453" classname="samples.Extract_XML_Response_Part2"/>
</testsuite> <!-- samples.Extract_XML_Response_Part2 -->
