<?xml version="1.0" encoding="UTF-8"?>
<!-- Generated by org.testng.reporters.JUnitReportReporter -->
<testsuite skipped="0" hostname="Samis-MacBook-Pro.local" name="samples.GET_REQUEST_TWITTER_READ" tests="2" failures="0" timestamp="17 Feb 2018 00:59:33 GMT" time="2.668" errors="0">
  <testcase name="postTWEET" time="1.998" classname="samples.GET_REQUEST_TWITTER_READ"/>
  <testcase name="readTweet_Using_Get_Request" time="0.670" classname="samples.GET_REQUEST_TWITTER_READ"/>
</testsuite> <!-- samples.GET_REQUEST_TWITTER_READ -->
