<?xml version="1.0" encoding="UTF-8"?>
<!-- Generated by org.testng.reporters.JUnitReportReporter -->
<testsuite skipped="0" hostname="Samis-MacBook-Pro.local" name="samples.ExtractJSON_Response" tests="1" failures="0" timestamp="14 Feb 2018 00:29:27 GMT" time="1.562" errors="0">
  <testcase name="postRequest" time="1.562" classname="samples.ExtractJSON_Response"/>
</testsuite> <!-- samples.ExtractJSON_Response -->
