<?xml version="1.0" encoding="UTF-8"?>
<!-- Generated by org.testng.reporters.JUnitReportReporter -->
<testsuite skipped="0" hostname="Samis-MacBook-Pro.local" name="samples.Extract_XML_Reponse" tests="1" failures="0" timestamp="17 Feb 2018 02:08:40 GMT" time="3.174" errors="0">
  <testcase name="extractResponse" time="3.174" classname="samples.Extract_XML_Reponse"/>
</testsuite> <!-- samples.Extract_XML_Reponse -->
