<?xml version="1.0" encoding="UTF-8"?>
<!-- Generated by org.testng.reporters.JUnitReportReporter -->
<testsuite skipped="0" hostname="Samis-MacBook-Pro.local" name="samples.Using_PathParameter" tests="3" failures="0" timestamp="17 Feb 2018 01:39:12 GMT" time="3.485" errors="0">
  <testcase name="postTWEET" time="2.314" classname="samples.Using_PathParameter"/>
  <testcase name="readTweet_Using_Get_Request" time="0.875" classname="samples.Using_PathParameter"/>
  <testcase name="deleteTweet" time="0.296" classname="samples.Using_PathParameter"/>
</testsuite> <!-- samples.Using_PathParameter -->
