<?xml version="1.0" encoding="UTF-8"?>
<!-- Generated by org.testng.reporters.JUnitReportReporter -->
<testsuite skipped="0" hostname="Samis-MacBook-Pro.local" name="specs.RequestSpecificationDemo" tests="1" failures="0" timestamp="17 Feb 2018 17:09:11 GMT" time="1.548" errors="0">
  <testcase name="readTweet" time="1.548" classname="specs.RequestSpecificationDemo"/>
</testsuite> <!-- specs.RequestSpecificationDemo -->
