<?xml version="1.0" encoding="UTF-8"?>
<!-- Generated by org.testng.reporters.JUnitReportReporter -->
<testsuite skipped="1" hostname="Samis-MacBook-Pro.local" name="samples.LOGGING_Requests_responses" tests="2" failures="0" timestamp="17 Feb 2018 03:44:58 GMT" time="2.298" errors="0">
  <testcase name="request_lOGGING" time="2.298" classname="samples.LOGGING_Requests_responses"/>
  <testcase name="response_LOGGING" classname="samples.LOGGING_Requests_responses">
    <skipped/>
  </testcase> <!-- response_LOGGING -->
</testsuite> <!-- samples.LOGGING_Requests_responses -->
