<?xml version="1.0" encoding="UTF-8"?>
<!-- Generated by org.testng.reporters.JUnitReportReporter -->
<testsuite skipped="0" hostname="Samis-MacBook-Pro.local" name="samples.ExtractJSON_response2" tests="1" failures="0" timestamp="17 Feb 2018 00:42:47 GMT" time="2.477" errors="0">
  <testcase name="postRequest_GettingJSON_path_getting_KeysAndValues" time="2.477" classname="samples.ExtractJSON_response2"/>
</testsuite> <!-- samples.ExtractJSON_response2 -->
