<?xml version="1.0" encoding="UTF-8"?>
<!-- Generated by org.testng.reporters.JUnitReportReporter -->
<testsuite skipped="0" hostname="Samis-MacBook-Pro.local" name="samples.POST_RequestDemo" tests="1" failures="0" timestamp="14 Feb 2018 00:04:28 GMT" time="3.068" errors="0">
  <testcase name="postRequest" time="3.068" classname="samples.POST_RequestDemo"/>
</testsuite> <!-- samples.POST_RequestDemo -->
