<?xml version="1.0" encoding="UTF-8"?>
<!-- Generated by org.testng.reporters.JUnitReportReporter -->
<testsuite skipped="0" hostname="Samis-MacBook-Pro.local" name="samples.POST_GET_DELETE_WORKFLOW" tests="3" failures="0" timestamp="17 Feb 2018 01:27:32 GMT" time="2.542" errors="0">
  <testcase name="postTWEET" time="2.010" classname="samples.POST_GET_DELETE_WORKFLOW"/>
  <testcase name="readTweet_Using_Get_Request" time="0.281" classname="samples.POST_GET_DELETE_WORKFLOW"/>
  <testcase name="deleteTweet" time="0.251" classname="samples.POST_GET_DELETE_WORKFLOW"/>
</testsuite> <!-- samples.POST_GET_DELETE_WORKFLOW -->
